2022-09-14T16:27:26+00:00 CRITICAL Uncaught Error: Call to a member function children() on bool in /home4/smakolyk/public_html/pcwordpress/wp-content/plugins/pc-market/convert2.php:388
Stack trace:
#0 /home4/smakolyk/public_html/pcwordpress/wp-content/plugins/pc-market/convert2.php(568): createCsv(false, Resource id #251, Array, Array, Array, Array, Array)
#1 /home4/smakolyk/public_html/pcwordpress/wp-content/plugins/pc-market/pc-market.php(117): require_once('/home4/smakolyk...')
#2 /home4/smakolyk/public_html/pcwordpress/wp-includes/class-wp-hook.php(307): mt_toplevel_page('')
#3 /home4/smakolyk/public_html/pcwordpress/wp-includes/class-wp-hook.php(331): WP_Hook->apply_filters('', Array)
#4 /home4/smakolyk/public_html/pcwordpress/wp-includes/plugin.php(517): WP_Hook->do_action(Array)
#5 /home4/smakolyk/public_html/pcwordpress/wp-admin/admin.php(259): do_action('toplevel_page_m...')
#6 {main}
  thrown in /home4/smakolyk/public_html/pcwordpress/wp-content/plugins/pc-market/convert2.php on line 388

2022-09-14T16:32:44+00:00 CRITICAL Uncaught Error: Call to a member function children() on bool in /home4/smakolyk/public_html/pcwordpress/wp-content/plugins/pc-market/convert2.php:388
Stack trace:
#0 /home4/smakolyk/public_html/pcwordpress/wp-content/plugins/pc-market/convert2.php(568): createCsv(false, Resource id #1331, Array, Array, Array, Array, Array)
#1 /home4/smakolyk/public_html/pcwordpress/wp-content/plugins/pc-market/pc-market.php(117): require_once('/home4/smakolyk...')
#2 /home4/smakolyk/public_html/pcwordpress/wp-includes/class-wp-hook.php(307): mt_toplevel_page('')
#3 /home4/smakolyk/public_html/pcwordpress/wp-includes/class-wp-hook.php(331): WP_Hook->apply_filters('', Array)
#4 /home4/smakolyk/public_html/pcwordpress/wp-includes/plugin.php(517): WP_Hook->do_action(Array)
#5 /home4/smakolyk/public_html/pcwordpress/wp-admin/admin.php(259): do_action('toplevel_page_m...')
#6 {main}
  thrown in /home4/smakolyk/public_html/pcwordpress/wp-content/plugins/pc-market/convert2.php on line 388

2022-09-14T16:35:44+00:00 CRITICAL Uncaught Error: Call to a member function children() on bool in /home4/smakolyk/public_html/pcwordpress/wp-content/plugins/pc-market/convert2.php:388
Stack trace:
#0 /home4/smakolyk/public_html/pcwordpress/wp-content/plugins/pc-market/convert2.php(568): createCsv(false, Resource id #1332, Array, Array, Array, Array, Array)
#1 /home4/smakolyk/public_html/pcwordpress/wp-content/plugins/pc-market/pc-market.php(117): require_once('/home4/smakolyk...')
#2 /home4/smakolyk/public_html/pcwordpress/wp-includes/class-wp-hook.php(307): mt_toplevel_page('')
#3 /home4/smakolyk/public_html/pcwordpress/wp-includes/class-wp-hook.php(331): WP_Hook->apply_filters('', Array)
#4 /home4/smakolyk/public_html/pcwordpress/wp-includes/plugin.php(517): WP_Hook->do_action(Array)
#5 /home4/smakolyk/public_html/pcwordpress/wp-admin/admin.php(259): do_action('toplevel_page_m...')
#6 {main}
  thrown in /home4/smakolyk/public_html/pcwordpress/wp-content/plugins/pc-market/convert2.php on line 388

